<?xml version="1.0" encoding="UTF-8"?>
<!-- Generated by org.testng.reporters.JUnitReportReporter -->
<testsuite skipped="0" hostname="WSHQISD-A220" name="com.tawuniya.visitvisaextension.VisitvisaextTEST" tests="1" failures="0" timestamp="14 Dec 2019 11:56:16 GMT" time="15.452" errors="0">
  <testcase name="vvesadadpayment" time="15.452" classname="com.tawuniya.visitvisaextension.VisitvisaextTEST"/>
</testsuite> <!-- com.tawuniya.visitvisaextension.VisitvisaextTEST -->
